<?xml version="1.0" encoding="UTF-8"?>
<!-- Generated by org.testng.reporters.JUnitXMLReporter -->
<testsuite hostname="Biswajits-MacBook-Pro.local" ignored="0" name="Default test" tests="2" failures="0" timestamp="2023-02-08T11:34:04 IST" time="1.237" errors="0">
  <testcase name="maxForegienPlayerValidations" time="1.025" classname="testvagrant.demo.MockAPITest"/>
  <testcase name="wickerKeperValidations" time="0.17" classname="testvagrant.demo.MockAPITest"/>
</testsuite> <!-- Default test -->
