<?xml version="1.0" encoding="UTF-8"?>
<!-- Generated by org.testng.reporters.JUnitXMLReporter -->
<testsuite ignored="0" hostname="DESKTOP-09P7QC6" failures="0" tests="2" name="Default test" time="2.178" errors="0" timestamp="2023-02-08T23:56:45 IST">
  <testcase classname="com.biswajit.testvagrant.MockAPITest" name="maxForegienPlayerValidations" time="1.837"/>
  <testcase classname="com.biswajit.testvagrant.MockAPITest" name="wickerKeperValidations" time="0.29"/>
</testsuite> <!-- Default test -->
