<?xml version="1.0" encoding="UTF-8"?>
<testng-results ignored="0" total="2" passed="2" failed="0" skipped="0">
  <reporter-output>
  </reporter-output>
  <suite started-at="2023-02-08T23:56:43 IST" name="Default suite" finished-at="2023-02-08T23:56:45 IST" duration-ms="2178">
    <groups>
    </groups>
    <test started-at="2023-02-08T23:56:43 IST" name="Default test" finished-at="2023-02-08T23:56:45 IST" duration-ms="2178">
      <class name="com.biswajit.testvagrant.MockAPITest">
        <test-method is-config="true" signature="init()[pri:0, instance:com.biswajit.testvagrant.MockAPITest@614ca7df]" started-at="2023-02-08T23:56:43 IST" name="init" finished-at="2023-02-08T23:56:43 IST" duration-ms="9" status="PASS">
          <reporter-output>
          </reporter-output>
        </test-method> <!-- init -->
        <test-method signature="maxForegienPlayerValidations()[pri:0, instance:com.biswajit.testvagrant.MockAPITest@614ca7df]" started-at="2023-02-08T23:56:43 IST" name="maxForegienPlayerValidations" finished-at="2023-02-08T23:56:45 IST" duration-ms="1837" status="PASS">
          <reporter-output>
          </reporter-output>
        </test-method> <!-- maxForegienPlayerValidations -->
        <test-method signature="wickerKeperValidations()[pri:0, instance:com.biswajit.testvagrant.MockAPITest@614ca7df]" started-at="2023-02-08T23:56:45 IST" name="wickerKeperValidations" finished-at="2023-02-08T23:56:45 IST" duration-ms="290" status="PASS">
          <reporter-output>
          </reporter-output>
        </test-method> <!-- wickerKeperValidations -->
      </class> <!-- com.biswajit.testvagrant.MockAPITest -->
    </test> <!-- Default test -->
  </suite> <!-- Default suite -->
</testng-results>
