<?xml version="1.0" encoding="UTF-8"?>
<testng-results skipped="0" failed="0" ignored="0" total="2" passed="2">
  <reporter-output>
  </reporter-output>
  <suite name="Default suite" duration-ms="1237" started-at="2023-02-08T11:34:03 IST" finished-at="2023-02-08T11:34:04 IST">
    <groups>
    </groups>
    <test name="Default test" duration-ms="1237" started-at="2023-02-08T11:34:03 IST" finished-at="2023-02-08T11:34:04 IST">
      <class name="testvagrant.demo.MockAPITest">
        <test-method status="PASS" signature="init()[pri:0, instance:testvagrant.demo.MockAPITest@25af5db5]" name="init" is-config="true" duration-ms="7" started-at="2023-02-08T11:34:03 IST" finished-at="2023-02-08T11:34:03 IST">
          <reporter-output>
          </reporter-output>
        </test-method> <!-- init -->
        <test-method status="PASS" signature="maxForegienPlayerValidations()[pri:0, instance:testvagrant.demo.MockAPITest@25af5db5]" name="maxForegienPlayerValidations" duration-ms="1025" started-at="2023-02-08T11:34:03 IST" finished-at="2023-02-08T11:34:04 IST">
          <reporter-output>
          </reporter-output>
        </test-method> <!-- maxForegienPlayerValidations -->
        <test-method status="PASS" signature="wickerKeperValidations()[pri:0, instance:testvagrant.demo.MockAPITest@25af5db5]" name="wickerKeperValidations" duration-ms="170" started-at="2023-02-08T11:34:04 IST" finished-at="2023-02-08T11:34:04 IST">
          <reporter-output>
          </reporter-output>
        </test-method> <!-- wickerKeperValidations -->
      </class> <!-- testvagrant.demo.MockAPITest -->
    </test> <!-- Default test -->
  </suite> <!-- Default suite -->
</testng-results>
